diff --git a/.editorconfig b/.editorconfig
index 4a47432ae4f..bd06fbae3ec 100644
--- a/.editorconfig
+++ b/.editorconfig
@@ -15,6 +15,9 @@ trim_trailing_whitespace = true
 [project.json]
 indent_size = 2
 
+[*.txt]
+insert_final_newline = false
+
 # C# files
 [*.cs]
 # New line preferences
diff --git a/src/MSBuild.UnitTests/Snapshots/TerminalLogger_Tests.DisplayNodesOverwritesWithNewTargetFramework.verified.txt b/src/MSBuild.UnitTests/Snapshots/TerminalLogger_Tests.DisplayNodesOverwritesWithNewTargetFramework.Linux.verified.txt
similarity index 94%
rename from src/MSBuild.UnitTests/Snapshots/TerminalLogger_Tests.DisplayNodesOverwritesWithNewTargetFramework.verified.txt
rename to src/MSBuild.UnitTests/Snapshots/TerminalLogger_Tests.DisplayNodesOverwritesWithNewTargetFramework.Linux.verified.txt
index 5420c4eab35..0777ef5cc91 100644
--- a/src/MSBuild.UnitTests/Snapshots/TerminalLogger_Tests.DisplayNodesOverwritesWithNewTargetFramework.verified.txt
+++ b/src/MSBuild.UnitTests/Snapshots/TerminalLogger_Tests.DisplayNodesOverwritesWithNewTargetFramework.Linux.verified.txt
@@ -2,4 +2,4 @@
   project [36;1mtfName[m Build (0.0s)
 [?25h[?25l[2F
   project [36;1mtf2[m Build (0.0s)[K
-[?25h
+[?25h
\ No newline at end of file
diff --git a/src/MSBuild.UnitTests/Snapshots/TerminalLogger_Tests.DisplayNodesOverwritesWithNewTargetFramework.OSX.verified.txt b/src/MSBuild.UnitTests/Snapshots/TerminalLogger_Tests.DisplayNodesOverwritesWithNewTargetFramework.OSX.verified.txt
new file mode 100644
index 00000000000..d860724e3ab
--- /dev/null
+++ b/src/MSBuild.UnitTests/Snapshots/TerminalLogger_Tests.DisplayNodesOverwritesWithNewTargetFramework.OSX.verified.txt
@@ -0,0 +1,5 @@
+ï»¿[?25l[1F
+  project [36;1mtfName[m Build (0.0s)
+[?25h[?25l[2F
+  project [36;1mtf2[m Build (0.0s)[K
+[?25h
\ No newline at end of file
diff --git a/src/MSBuild.UnitTests/Snapshots/TerminalLogger_Tests.DisplayNodesOverwritesWithNewTargetFramework.Windows.verified.txt b/src/MSBuild.UnitTests/Snapshots/TerminalLogger_Tests.DisplayNodesOverwritesWithNewTargetFramework.Windows.verified.txt
new file mode 100644
index 00000000000..0777ef5cc91
--- /dev/null
+++ b/src/MSBuild.UnitTests/Snapshots/TerminalLogger_Tests.DisplayNodesOverwritesWithNewTargetFramework.Windows.verified.txt
@@ -0,0 +1,5 @@
+ï»¿]9;4;3;\[?25l[1F
+  project [36;1mtfName[m Build (0.0s)
+[?25h[?25l[2F
+  project [36;1mtf2[m Build (0.0s)[K
+[?25h
\ No newline at end of file
diff --git a/src/MSBuild.UnitTests/Snapshots/TerminalLogger_Tests.DisplayNodesShowsCurrent.verified.txt b/src/MSBuild.UnitTests/Snapshots/TerminalLogger_Tests.DisplayNodesShowsCurrent.Linux.verified.txt
similarity index 87%
rename from src/MSBuild.UnitTests/Snapshots/TerminalLogger_Tests.DisplayNodesShowsCurrent.verified.txt
rename to src/MSBuild.UnitTests/Snapshots/TerminalLogger_Tests.DisplayNodesShowsCurrent.Linux.verified.txt
index 0fb8b744327..d0cb5b914e0 100644
--- a/src/MSBuild.UnitTests/Snapshots/TerminalLogger_Tests.DisplayNodesShowsCurrent.verified.txt
+++ b/src/MSBuild.UnitTests/Snapshots/TerminalLogger_Tests.DisplayNodesShowsCurrent.Linux.verified.txt
@@ -1,3 +1,3 @@
 ï»¿]9;4;3;\[?25l[1F
   project Build (0.0s)
-[?25h
+[?25h
\ No newline at end of file
diff --git a/src/MSBuild.UnitTests/Snapshots/TerminalLogger_Tests.DisplayNodesShowsCurrent.OSX.verified.txt b/src/MSBuild.UnitTests/Snapshots/TerminalLogger_Tests.DisplayNodesShowsCurrent.OSX.verified.txt
new file mode 100644
index 00000000000..edce93c06c4
--- /dev/null
+++ b/src/MSBuild.UnitTests/Snapshots/TerminalLogger_Tests.DisplayNodesShowsCurrent.OSX.verified.txt
@@ -0,0 +1,3 @@
+ï»¿[?25l[1F
+  project Build (0.0s)
+[?25h
\ No newline at end of file
diff --git a/src/MSBuild.UnitTests/Snapshots/TerminalLogger_Tests.DisplayNodesShowsCurrent.Windows.verified.txt b/src/MSBuild.UnitTests/Snapshots/TerminalLogger_Tests.DisplayNodesShowsCurrent.Windows.verified.txt
new file mode 100644
index 00000000000..d0cb5b914e0
--- /dev/null
+++ b/src/MSBuild.UnitTests/Snapshots/TerminalLogger_Tests.DisplayNodesShowsCurrent.Windows.verified.txt
@@ -0,0 +1,3 @@
+ï»¿]9;4;3;\[?25l[1F
+  project Build (0.0s)
+[?25h
\ No newline at end of file
diff --git a/src/MSBuild.UnitTests/Snapshots/TerminalLogger_Tests.PrintBuildSummary_Failed.verified.txt b/src/MSBuild.UnitTests/Snapshots/TerminalLogger_Tests.PrintBuildSummary_Failed.Linux.verified.txt
similarity index 84%
rename from src/MSBuild.UnitTests/Snapshots/TerminalLogger_Tests.PrintBuildSummary_Failed.verified.txt
rename to src/MSBuild.UnitTests/Snapshots/TerminalLogger_Tests.PrintBuildSummary_Failed.Linux.verified.txt
index a761905358e..e397b179c6b 100644
--- a/src/MSBuild.UnitTests/Snapshots/TerminalLogger_Tests.PrintBuildSummary_Failed.verified.txt
+++ b/src/MSBuild.UnitTests/Snapshots/TerminalLogger_Tests.PrintBuildSummary_Failed.Linux.verified.txt
@@ -1,4 +1,4 @@
 ï»¿]9;4;3;\[?25l[1F
 [?25h
 Build [31;1mfailed[m in 0.0s
-]9;4;0;\
+]9;4;0;\
\ No newline at end of file
diff --git a/src/MSBuild.UnitTests/Snapshots/TerminalLogger_Tests.PrintBuildSummary_Failed.OSX.verified.txt b/src/MSBuild.UnitTests/Snapshots/TerminalLogger_Tests.PrintBuildSummary_Failed.OSX.verified.txt
new file mode 100644
index 00000000000..5dac0df45b6
--- /dev/null
+++ b/src/MSBuild.UnitTests/Snapshots/TerminalLogger_Tests.PrintBuildSummary_Failed.OSX.verified.txt
@@ -0,0 +1,3 @@
+ï»¿[?25l[1F
+[?25h
+Build [31;1mfailed[m in 0.0s
diff --git a/src/MSBuild.UnitTests/Snapshots/TerminalLogger_Tests.PrintBuildSummary_Failed.Windows.verified.txt b/src/MSBuild.UnitTests/Snapshots/TerminalLogger_Tests.PrintBuildSummary_Failed.Windows.verified.txt
new file mode 100644
index 00000000000..e397b179c6b
--- /dev/null
+++ b/src/MSBuild.UnitTests/Snapshots/TerminalLogger_Tests.PrintBuildSummary_Failed.Windows.verified.txt
@@ -0,0 +1,4 @@
+ï»¿]9;4;3;\[?25l[1F
+[?25h
+Build [31;1mfailed[m in 0.0s
+]9;4;0;\
\ No newline at end of file
diff --git a/src/MSBuild.UnitTests/Snapshots/TerminalLogger_Tests.PrintBuildSummary_FailedWithErrors.verified.txt b/src/MSBuild.UnitTests/Snapshots/TerminalLogger_Tests.PrintBuildSummary_FailedWithErrors.Linux.verified.txt
similarity index 94%
rename from src/MSBuild.UnitTests/Snapshots/TerminalLogger_Tests.PrintBuildSummary_FailedWithErrors.verified.txt
rename to src/MSBuild.UnitTests/Snapshots/TerminalLogger_Tests.PrintBuildSummary_FailedWithErrors.Linux.verified.txt
index 3657a549d75..93184e76883 100644
--- a/src/MSBuild.UnitTests/Snapshots/TerminalLogger_Tests.PrintBuildSummary_FailedWithErrors.verified.txt
+++ b/src/MSBuild.UnitTests/Snapshots/TerminalLogger_Tests.PrintBuildSummary_FailedWithErrors.Linux.verified.txt
@@ -3,4 +3,4 @@
 [?25l[1F
 [?25h
 Build [31;1mfailed with errors[m in 0.0s
-]9;4;0;\
+]9;4;0;\
\ No newline at end of file
diff --git a/src/MSBuild.UnitTests/Snapshots/TerminalLogger_Tests.PrintBuildSummary_FailedWithErrors.OSX.verified.txt b/src/MSBuild.UnitTests/Snapshots/TerminalLogger_Tests.PrintBuildSummary_FailedWithErrors.OSX.verified.txt
new file mode 100644
index 00000000000..4c2f3e06619
--- /dev/null
+++ b/src/MSBuild.UnitTests/Snapshots/TerminalLogger_Tests.PrintBuildSummary_FailedWithErrors.OSX.verified.txt
@@ -0,0 +1,5 @@
+ï»¿  project [31;1mfailed with errors[m (0.0s)
+[31;1m    âŒï¸Ž[7D[6C MSBUILD : error : Error![m
+[?25l[1F
+[?25h
+Build [31;1mfailed with errors[m in 0.0s
diff --git a/src/MSBuild.UnitTests/Snapshots/TerminalLogger_Tests.PrintBuildSummary_FailedWithErrors.Windows.verified.txt b/src/MSBuild.UnitTests/Snapshots/TerminalLogger_Tests.PrintBuildSummary_FailedWithErrors.Windows.verified.txt
new file mode 100644
index 00000000000..93184e76883
--- /dev/null
+++ b/src/MSBuild.UnitTests/Snapshots/TerminalLogger_Tests.PrintBuildSummary_FailedWithErrors.Windows.verified.txt
@@ -0,0 +1,6 @@
+ï»¿]9;4;3;\  project [31;1mfailed with errors[m (0.0s)
+[31;1m    âŒï¸Ž[7D[6C MSBUILD : error : Error![m
+[?25l[1F
+[?25h
+Build [31;1mfailed with errors[m in 0.0s
+]9;4;0;\
\ No newline at end of file
diff --git a/src/MSBuild.UnitTests/Snapshots/TerminalLogger_Tests.PrintBuildSummary_SucceededWithWarnings.verified.txt b/src/MSBuild.UnitTests/Snapshots/TerminalLogger_Tests.PrintBuildSummary_SucceededWithWarnings.Linux.verified.txt
similarity index 94%
rename from src/MSBuild.UnitTests/Snapshots/TerminalLogger_Tests.PrintBuildSummary_SucceededWithWarnings.verified.txt
rename to src/MSBuild.UnitTests/Snapshots/TerminalLogger_Tests.PrintBuildSummary_SucceededWithWarnings.Linux.verified.txt
index 405fa3a221f..9224c8d2b8c 100644
--- a/src/MSBuild.UnitTests/Snapshots/TerminalLogger_Tests.PrintBuildSummary_SucceededWithWarnings.verified.txt
+++ b/src/MSBuild.UnitTests/Snapshots/TerminalLogger_Tests.PrintBuildSummary_SucceededWithWarnings.Linux.verified.txt
@@ -3,4 +3,4 @@
 [?25l[1F
 [?25h
 Build [33;1msucceeded with warnings[m in 0.0s
-]9;4;0;\
+]9;4;0;\
\ No newline at end of file
diff --git a/src/MSBuild.UnitTests/Snapshots/TerminalLogger_Tests.PrintBuildSummary_SucceededWithWarnings.OSX.verified.txt b/src/MSBuild.UnitTests/Snapshots/TerminalLogger_Tests.PrintBuildSummary_SucceededWithWarnings.OSX.verified.txt
new file mode 100644
index 00000000000..acbed2a3c99
--- /dev/null
+++ b/src/MSBuild.UnitTests/Snapshots/TerminalLogger_Tests.PrintBuildSummary_SucceededWithWarnings.OSX.verified.txt
@@ -0,0 +1,5 @@
+ï»¿  project [33;1msucceeded with warnings[m (0.0s)
+[33;1m    âš ï¸Ž[7D[6C MSBUILD : warning : Warning![m
+[?25l[1F
+[?25h
+Build [33;1msucceeded with warnings[m in 0.0s
diff --git a/src/MSBuild.UnitTests/Snapshots/TerminalLogger_Tests.PrintBuildSummary_SucceededWithWarnings.Windows.verified.txt b/src/MSBuild.UnitTests/Snapshots/TerminalLogger_Tests.PrintBuildSummary_SucceededWithWarnings.Windows.verified.txt
new file mode 100644
index 00000000000..9224c8d2b8c
--- /dev/null
+++ b/src/MSBuild.UnitTests/Snapshots/TerminalLogger_Tests.PrintBuildSummary_SucceededWithWarnings.Windows.verified.txt
@@ -0,0 +1,6 @@
+ï»¿]9;4;3;\  project [33;1msucceeded with warnings[m (0.0s)
+[33;1m    âš ï¸Ž[7D[6C MSBUILD : warning : Warning![m
+[?25l[1F
+[?25h
+Build [33;1msucceeded with warnings[m in 0.0s
+]9;4;0;\
\ No newline at end of file
diff --git a/src/MSBuild.UnitTests/Snapshots/TerminalLogger_Tests.PrintsBuildSummary_Succeeded.verified.txt b/src/MSBuild.UnitTests/Snapshots/TerminalLogger_Tests.PrintsBuildSummary_Succeeded.Linux.verified.txt
similarity index 85%
rename from src/MSBuild.UnitTests/Snapshots/TerminalLogger_Tests.PrintsBuildSummary_Succeeded.verified.txt
rename to src/MSBuild.UnitTests/Snapshots/TerminalLogger_Tests.PrintsBuildSummary_Succeeded.Linux.verified.txt
index f62b3f5ddba..e6169b4e163 100644
--- a/src/MSBuild.UnitTests/Snapshots/TerminalLogger_Tests.PrintsBuildSummary_Succeeded.verified.txt
+++ b/src/MSBuild.UnitTests/Snapshots/TerminalLogger_Tests.PrintsBuildSummary_Succeeded.Linux.verified.txt
@@ -1,4 +1,4 @@
 ï»¿]9;4;3;\[?25l[1F
 [?25h
 Build [32;1msucceeded[m in 0.0s
-]9;4;0;\
+]9;4;0;\
\ No newline at end of file
diff --git a/src/MSBuild.UnitTests/Snapshots/TerminalLogger_Tests.PrintsBuildSummary_Succeeded.OSX.verified.txt b/src/MSBuild.UnitTests/Snapshots/TerminalLogger_Tests.PrintsBuildSummary_Succeeded.OSX.verified.txt
new file mode 100644
index 00000000000..de2ebf4c55e
--- /dev/null
+++ b/src/MSBuild.UnitTests/Snapshots/TerminalLogger_Tests.PrintsBuildSummary_Succeeded.OSX.verified.txt
@@ -0,0 +1,3 @@
+ï»¿[?25l[1F
+[?25h
+Build [32;1msucceeded[m in 0.0s
diff --git a/src/MSBuild.UnitTests/Snapshots/TerminalLogger_Tests.PrintsBuildSummary_Succeeded.Windows.verified.txt b/src/MSBuild.UnitTests/Snapshots/TerminalLogger_Tests.PrintsBuildSummary_Succeeded.Windows.verified.txt
new file mode 100644
index 00000000000..e6169b4e163
--- /dev/null
+++ b/src/MSBuild.UnitTests/Snapshots/TerminalLogger_Tests.PrintsBuildSummary_Succeeded.Windows.verified.txt
@@ -0,0 +1,4 @@
+ï»¿]9;4;3;\[?25l[1F
+[?25h
+Build [32;1msucceeded[m in 0.0s
+]9;4;0;\
\ No newline at end of file
diff --git a/src/MSBuild.UnitTests/TerminalLogger_Tests.cs b/src/MSBuild.UnitTests/TerminalLogger_Tests.cs
index cc5f55f1b44..0a66b25576b 100644
--- a/src/MSBuild.UnitTests/TerminalLogger_Tests.cs
+++ b/src/MSBuild.UnitTests/TerminalLogger_Tests.cs
@@ -212,7 +212,7 @@ public Task PrintsBuildSummary_Succeeded()
         {
             InvokeLoggerCallbacksForSimpleProject(succeeded: true, () => { });
 
-            return Verify(_outputWriter.ToString(), _settings);
+            return Verify(_outputWriter.ToString(), _settings).UniqueForOSPlatform();
         }
 
         [Fact]
@@ -223,14 +223,14 @@ public Task PrintBuildSummary_SucceededWithWarnings()
                 WarningRaised?.Invoke(_eventSender, MakeWarningEventArgs("Warning!"));
             });
 
-            return Verify(_outputWriter.ToString(), _settings);
+            return Verify(_outputWriter.ToString(), _settings).UniqueForOSPlatform();
         }
 
         [Fact]
         public Task PrintBuildSummary_Failed()
         {
             InvokeLoggerCallbacksForSimpleProject(succeeded: false, () => { });
-            return Verify(_outputWriter.ToString(), _settings);
+            return Verify(_outputWriter.ToString(), _settings).UniqueForOSPlatform();
         }
 
         [Fact]
@@ -241,7 +241,7 @@ public Task PrintBuildSummary_FailedWithErrors()
                ErrorRaised?.Invoke(_eventSender, MakeErrorEventArgs("Error!"));
            });
 
-           return Verify(_outputWriter.ToString(), _settings);
+            return Verify(_outputWriter.ToString(), _settings).UniqueForOSPlatform();
         }
 
         #endregion
@@ -253,7 +253,7 @@ public void DisplayNodesShowsCurrent()
             {
                 _terminallogger.DisplayNodes();
 
-                await Verify(_outputWriter.ToString(), _settings);
+                await Verify(_outputWriter.ToString(), _settings).UniqueForOSPlatform();
             });
         }
 
@@ -283,7 +283,7 @@ public async Task DisplayNodesOverwritesWithNewTargetFramework()
 
             _terminallogger.DisplayNodes();
 
-            await Verify(_outputWriter.ToString(), _settings);
+            await Verify(_outputWriter.ToString(), _settings).UniqueForOSPlatform();
         }
     }
 }
